#
# There is insufficient memory for the Java Runtime Environment to continue.
# Native memory allocation (malloc) failed to allocate 309456 bytes. Error detail: Chunk::new
# Possible reasons:
#   The system is out of physical RAM or swap space
#   This process is running with CompressedOops enabled, and the Java Heap may be blocking the growth of the native heap
# Possible solutions:
#   Reduce memory load on the system
#   Increase physical memory or swap space
#   Check if swap backing store is full
#   Decrease Java heap size (-Xmx/-Xms)
#   Decrease number of Java threads
#   Decrease Java thread stack sizes (-Xss)
#   Set larger code cache with -XX:ReservedCodeCacheSize=
#   JVM is running with Unscaled Compressed Oops mode in which the Java heap is
#     placed in the first 4GB address space. The Java Heap base address is the
#     maximum limit for the native heap growth. Please use -XX:HeapBaseMinAddress
#     to set the Java Heap base and to place the Java Heap above 4GB virtual address.
# This output file may be truncated or incomplete.
#
#  Out of Memory Error (arena.cpp:149), pid=5152, tid=8392
#
# JRE version: OpenJDK Runtime Environment (23.0+38) (build 23+38)
# Java VM: OpenJDK 64-Bit Server VM (23+38, mixed mode, sharing, tiered, compressed oops, compressed class ptrs, g1 gc, windows-amd64)
# No core dump will be written. Minidumps are not enabled by default on client versions of Windows
#

---------------  S U M M A R Y ------------

Command Line: -XX:+ShowCodeDetailsInExceptionMessages --module-path=C:\Users\juan_\OneDrive\Desktop\PROGRAMACIÓN 1\sistemagestionvehiculos\target\classes;C:\Users\juan_\.m2\repository\org\openjfx\javafx-controls\13\javafx-controls-13-win.jar;C:\Users\juan_\.m2\repository\org\openjfx\javafx-graphics\13\javafx-graphics-13-win.jar;C:\Users\juan_\.m2\repository\org\openjfx\javafx-base\13\javafx-base-13-win.jar;C:\Users\juan_\.m2\repository\org\openjfx\javafx-fxml\13\javafx-fxml-13-win.jar -Djdk.module.main=co.edu.uniquindio.poo co.edu.uniquindio.poo/co.edu.uniquindio.poo.App

Host: Intel(R) Pentium(R) CPU 6405U @ 2.40GHz, 4 cores, 3G,  Windows 11 , 64 bit Build 22621 (10.0.22621.3958)
Time: Tue Oct 29 07:43:39 2024 Hora est. Pacífico, Sudamérica elapsed time: 2.174568 seconds (0d 0h 0m 2s)

---------------  T H R E A D  ---------------

Current thread (0x000001f6411488e0):  JavaThread "C2 CompilerThread0" daemon [_thread_in_native, id=8392, stack(0x0000000101400000,0x0000000101500000) (1024K)]


Current CompileTask:
C2:2174 1024       4       java.util.HashSet::add (20 bytes)

Stack: [0x0000000101400000,0x0000000101500000]
Native frames: (J=compiled Java code, j=interpreted, Vv=VM code, C=native code)
V  [jvm.dll+0x6ef6d9]  (no source info available)
V  [jvm.dll+0x8e02d3]  (no source info available)
V  [jvm.dll+0x8e259e]  (no source info available)
V  [jvm.dll+0x8e2c83]  (no source info available)
V  [jvm.dll+0x2858c6]  (no source info available)
V  [jvm.dll+0xbc74f]  (no source info available)
V  [jvm.dll+0xbc9ab]  (no source info available)
V  [jvm.dll+0x2f9f4d]  (no source info available)
V  [jvm.dll+0x6128d5]  (no source info available)
V  [jvm.dll+0x258052]  (no source info available)
V  [jvm.dll+0x2505da]  (no source info available)
V  [jvm.dll+0x24ddad]  (no source info available)
V  [jvm.dll+0x1cb7aa]  (no source info available)
V  [jvm.dll+0x25dfeb]  (no source info available)
V  [jvm.dll+0x25c2aa]  (no source info available)
V  [jvm.dll+0x3faa06]  (no source info available)
V  [jvm.dll+0x886678]  (no source info available)
V  [jvm.dll+0x6edef5]  (no source info available)
C  [ucrtbase.dll+0x29333]  (no source info available)
C  [KERNEL32.DLL+0x1257d]  (no source info available)
C  [ntdll.dll+0x5af08]  (no source info available)

Lock stack of current Java thread (top to bottom):


---------------  P R O C E S S  ---------------

Threads class SMR info:
_java_thread_list=0x000001f641c01db0, length=16, elements={
0x000001f654d01d60, 0x000001f641133ff0, 0x000001f641138f90, 0x000001f641141a60,
0x000001f6411428f0, 0x000001f641143630, 0x000001f641147870, 0x000001f6411488e0,
0x000001f64114c8e0, 0x000001f641413200, 0x000001f6415696a0, 0x000001f641ab3ac0,
0x000001f641b45040, 0x000001f641b63a20, 0x000001f641ccc080, 0x000001f641d2a4e0
}

Java Threads: ( => current thread )
  0x000001f654d01d60 JavaThread "main"                              [_thread_blocked, id=28976, stack(0x0000000100600000,0x0000000100700000) (1024K)]
  0x000001f641133ff0 JavaThread "Reference Handler"          daemon [_thread_blocked, id=3004, stack(0x0000000100e00000,0x0000000100f00000) (1024K)]
  0x000001f641138f90 JavaThread "Finalizer"                  daemon [_thread_blocked, id=23088, stack(0x0000000100f00000,0x0000000101000000) (1024K)]
  0x000001f641141a60 JavaThread "Signal Dispatcher"          daemon [_thread_blocked, id=15188, stack(0x0000000101000000,0x0000000101100000) (1024K)]
  0x000001f6411428f0 JavaThread "Attach Listener"            daemon [_thread_blocked, id=9792, stack(0x0000000101100000,0x0000000101200000) (1024K)]
  0x000001f641143630 JavaThread "Service Thread"             daemon [_thread_blocked, id=25740, stack(0x0000000101200000,0x0000000101300000) (1024K)]
  0x000001f641147870 JavaThread "Monitor Deflation Thread"   daemon [_thread_blocked, id=30660, stack(0x0000000101300000,0x0000000101400000) (1024K)]
=>0x000001f6411488e0 JavaThread "C2 CompilerThread0"         daemon [_thread_in_native, id=8392, stack(0x0000000101400000,0x0000000101500000) (1024K)]
  0x000001f64114c8e0 JavaThread "C1 CompilerThread0"         daemon [_thread_blocked, id=30740, stack(0x0000000101500000,0x0000000101600000) (1024K)]
  0x000001f641413200 JavaThread "Common-Cleaner"             daemon [_thread_blocked, id=31172, stack(0x0000000101600000,0x0000000101700000) (1024K)]
  0x000001f6415696a0 JavaThread "Notification Thread"        daemon [_thread_blocked, id=31220, stack(0x0000000101700000,0x0000000101800000) (1024K)]
  0x000001f641ab3ac0 JavaThread "QuantumRenderer-0"          daemon [_thread_blocked, id=31884, stack(0x0000000101800000,0x0000000101900000) (1024K)]
  0x000001f641b45040 JavaThread "InvokeLaterDispatcher"      daemon [_thread_blocked, id=28092, stack(0x0000000101c00000,0x0000000101d00000) (1024K)]
  0x000001f641b63a20 JavaThread "JavaFX Application Thread"         [_thread_in_native, id=5300, stack(0x0000000101d00000,0x0000000101e00000) (1024K)]
  0x000001f641ccc080 JavaThread "Thread-1"                   daemon [_thread_in_native, id=8220, stack(0x0000000102000000,0x0000000102100000) (1024K)]
  0x000001f641d2a4e0 JavaThread "JavaFX-Launcher"                   [_thread_blocked, id=1456, stack(0x0000000102100000,0x0000000102200000) (1024K)]
Total: 16

Other Threads:
  0x000001f656ffc950 VMThread "VM Thread"                           [id=22360, stack(0x0000000100d00000,0x0000000100e00000) (1024K)]
  0x000001f64111bcf0 WatcherThread "VM Periodic Task Thread"        [id=5500, stack(0x0000000100c00000,0x0000000100d00000) (1024K)]
  0x000001f656f77d50 WorkerThread "GC Thread#0"                     [id=26496, stack(0x0000000100700000,0x0000000100800000) (1024K)]
  0x000001f641acef90 WorkerThread "GC Thread#1"                     [id=19928, stack(0x0000000101900000,0x0000000101a00000) (1024K)]
  0x000001f641ae3260 WorkerThread "GC Thread#2"                     [id=13492, stack(0x0000000101a00000,0x0000000101b00000) (1024K)]
  0x000001f641ae3610 WorkerThread "GC Thread#3"                     [id=30108, stack(0x0000000101b00000,0x0000000101c00000) (1024K)]
  0x000001f656f826c0 ConcurrentGCThread "G1 Main Marker"            [id=5012, stack(0x0000000100800000,0x0000000100900000) (1024K)]
  0x000001f656f84f30 WorkerThread "G1 Conc#0"                       [id=17612, stack(0x0000000100900000,0x0000000100a00000) (1024K)]
  0x000001f656fddc60 ConcurrentGCThread "G1 Refine#0"               [id=18952, stack(0x0000000100a00000,0x0000000100b00000) (1024K)]
  0x000001f656fde7e0 ConcurrentGCThread "G1 Service"                [id=12564, stack(0x0000000100b00000,0x0000000100c00000) (1024K)]
Total: 10

Threads with active compile tasks:
C2 CompilerThread0  2640 1024       4       java.util.HashSet::add (20 bytes)
Total: 1

VM state: not at safepoint (normal execution)

VM Mutex/Monitor currently owned by a thread: None

Heap address: 0x00000000c2c00000, size: 980 MB, Compressed Oops mode: 32-bit

CDS archive(s) mapped at: [0x000001f600000000-0x000001f600d70000-0x000001f600d70000), size 14090240, SharedBaseAddress: 0x000001f600000000, ArchiveRelocationMode: 1.
Compressed class space mapped at: 0x000001f601000000-0x000001f641000000, reserved size: 1073741824
Narrow klass base: 0x000001f600000000, Narrow klass shift: 0, Narrow klass range: 0x41000000

GC Precious Log:
 CardTable entry size: 512
 Card Set container configuration: InlinePtr #cards 5 size 8 Array Of Cards #cards 10 size 36 Howl #buckets 4 coarsen threshold 1843 Howl Bitmap #cards 512 size 80 coarsen threshold 460 Card regions per heap region 1 cards per card region 2048
 CPUs: 4 total, 4 available
 Memory: 3919M
 Large Page Support: Disabled
 NUMA Support: Disabled
 Compressed Oops: Enabled (32-bit)
 Heap Region Size: 1M
 Heap Min Capacity: 8M
 Heap Initial Capacity: 62M
 Heap Max Capacity: 980M
 Pre-touch: Disabled
 Parallel Workers: 4
 Concurrent Workers: 1
 Concurrent Refinement Workers: 4
 Periodic GC: Disabled

Heap:
 garbage-first heap   total reserved 1003520K, committed 63488K, used 10038K [0x00000000c2c00000, 0x0000000100000000)
  region size 1024K, 11 young (11264K), 2 survivors (2048K)
 Metaspace       used 4939K, committed 5184K, reserved 1114112K
  class space    used 611K, committed 704K, reserved 1048576K

Heap Regions: E=young(eden), S=young(survivor), O=old, HS=humongous(starts), HC=humongous(continues), CS=collection set, F=free, TAMS=top-at-mark-start, PB=parsable bottom
|   0|0x00000000c2c00000, 0x00000000c2c00000, 0x00000000c2d00000|  0%| F|  |TAMS 0x00000000c2c00000| PB 0x00000000c2c00000| Untracked |  0
|   1|0x00000000c2d00000, 0x00000000c2d00000, 0x00000000c2e00000|  0%| F|  |TAMS 0x00000000c2d00000| PB 0x00000000c2d00000| Untracked |  0
|   2|0x00000000c2e00000, 0x00000000c2e00000, 0x00000000c2f00000|  0%| F|  |TAMS 0x00000000c2e00000| PB 0x00000000c2e00000| Untracked |  0
|   3|0x00000000c2f00000, 0x00000000c2f00000, 0x00000000c3000000|  0%| F|  |TAMS 0x00000000c2f00000| PB 0x00000000c2f00000| Untracked |  0
|   4|0x00000000c3000000, 0x00000000c3000000, 0x00000000c3100000|  0%| F|  |TAMS 0x00000000c3000000| PB 0x00000000c3000000| Untracked |  0
|   5|0x00000000c3100000, 0x00000000c3100000, 0x00000000c3200000|  0%| F|  |TAMS 0x00000000c3100000| PB 0x00000000c3100000| Untracked |  0
|   6|0x00000000c3200000, 0x00000000c3200000, 0x00000000c3300000|  0%| F|  |TAMS 0x00000000c3200000| PB 0x00000000c3200000| Untracked |  0
|   7|0x00000000c3300000, 0x00000000c3300000, 0x00000000c3400000|  0%| F|  |TAMS 0x00000000c3300000| PB 0x00000000c3300000| Untracked |  0
|   8|0x00000000c3400000, 0x00000000c3400000, 0x00000000c3500000|  0%| F|  |TAMS 0x00000000c3400000| PB 0x00000000c3400000| Untracked |  0
|   9|0x00000000c3500000, 0x00000000c3500000, 0x00000000c3600000|  0%| F|  |TAMS 0x00000000c3500000| PB 0x00000000c3500000| Untracked |  0
|  10|0x00000000c3600000, 0x00000000c3600000, 0x00000000c3700000|  0%| F|  |TAMS 0x00000000c3600000| PB 0x00000000c3600000| Untracked |  0
|  11|0x00000000c3700000, 0x00000000c3700000, 0x00000000c3800000|  0%| F|  |TAMS 0x00000000c3700000| PB 0x00000000c3700000| Untracked |  0
|  12|0x00000000c3800000, 0x00000000c3800000, 0x00000000c3900000|  0%| F|  |TAMS 0x00000000c3800000| PB 0x00000000c3800000| Untracked |  0
|  13|0x00000000c3900000, 0x00000000c3900000, 0x00000000c3a00000|  0%| F|  |TAMS 0x00000000c3900000| PB 0x00000000c3900000| Untracked |  0
|  14|0x00000000c3a00000, 0x00000000c3a00000, 0x00000000c3b00000|  0%| F|  |TAMS 0x00000000c3a00000| PB 0x00000000c3a00000| Untracked |  0
|  15|0x00000000c3b00000, 0x00000000c3b00000, 0x00000000c3c00000|  0%| F|  |TAMS 0x00000000c3b00000| PB 0x00000000c3b00000| Untracked |  0
|  16|0x00000000c3c00000, 0x00000000c3c00000, 0x00000000c3d00000|  0%| F|  |TAMS 0x00000000c3c00000| PB 0x00000000c3c00000| Untracked |  0
|  17|0x00000000c3d00000, 0x00000000c3d00000, 0x00000000c3e00000|  0%| F|  |TAMS 0x00000000c3d00000| PB 0x00000000c3d00000| Untracked |  0
|  18|0x00000000c3e00000, 0x00000000c3e00000, 0x00000000c3f00000|  0%| F|  |TAMS 0x00000000c3e00000| PB 0x00000000c3e00000| Untracked |  0
|  19|0x00000000c3f00000, 0x00000000c3f00000, 0x00000000c4000000|  0%| F|  |TAMS 0x00000000c3f00000| PB 0x00000000c3f00000| Untracked |  0
|  20|0x00000000c4000000, 0x00000000c4000000, 0x00000000c4100000|  0%| F|  |TAMS 0x00000000c4000000| PB 0x00000000c4000000| Untracked |  0
|  21|0x00000000c4100000, 0x00000000c4100000, 0x00000000c4200000|  0%| F|  |TAMS 0x00000000c4100000| PB 0x00000000c4100000| Untracked |  0
|  22|0x00000000c4200000, 0x00000000c4200000, 0x00000000c4300000|  0%| F|  |TAMS 0x00000000c4200000| PB 0x00000000c4200000| Untracked |  0
|  23|0x00000000c4300000, 0x00000000c4300000, 0x00000000c4400000|  0%| F|  |TAMS 0x00000000c4300000| PB 0x00000000c4300000| Untracked |  0
|  24|0x00000000c4400000, 0x00000000c4400000, 0x00000000c4500000|  0%| F|  |TAMS 0x00000000c4400000| PB 0x00000000c4400000| Untracked |  0
|  25|0x00000000c4500000, 0x00000000c4500000, 0x00000000c4600000|  0%| F|  |TAMS 0x00000000c4500000| PB 0x00000000c4500000| Untracked |  0
|  26|0x00000000c4600000, 0x00000000c4600000, 0x00000000c4700000|  0%| F|  |TAMS 0x00000000c4600000| PB 0x00000000c4600000| Untracked |  0
|  27|0x00000000c4700000, 0x00000000c4700000, 0x00000000c4800000|  0%| F|  |TAMS 0x00000000c4700000| PB 0x00000000c4700000| Untracked |  0
|  28|0x00000000c4800000, 0x00000000c4800000, 0x00000000c4900000|  0%| F|  |TAMS 0x00000000c4800000| PB 0x00000000c4800000| Untracked |  0
|  29|0x00000000c4900000, 0x00000000c4900000, 0x00000000c4a00000|  0%| F|  |TAMS 0x00000000c4900000| PB 0x00000000c4900000| Untracked |  0
|  30|0x00000000c4a00000, 0x00000000c4a00000, 0x00000000c4b00000|  0%| F|  |TAMS 0x00000000c4a00000| PB 0x00000000c4a00000| Untracked |  0
|  31|0x00000000c4b00000, 0x00000000c4b00000, 0x00000000c4c00000|  0%| F|  |TAMS 0x00000000c4b00000| PB 0x00000000c4b00000| Untracked |  0
|  32|0x00000000c4c00000, 0x00000000c4c00000, 0x00000000c4d00000|  0%| F|  |TAMS 0x00000000c4c00000| PB 0x00000000c4c00000| Untracked |  0
|  33|0x00000000c4d00000, 0x00000000c4d00000, 0x00000000c4e00000|  0%| F|  |TAMS 0x00000000c4d00000| PB 0x00000000c4d00000| Untracked |  0
|  34|0x00000000c4e00000, 0x00000000c4e00000, 0x00000000c4f00000|  0%| F|  |TAMS 0x00000000c4e00000| PB 0x00000000c4e00000| Untracked |  0
|  35|0x00000000c4f00000, 0x00000000c4f00000, 0x00000000c5000000|  0%| F|  |TAMS 0x00000000c4f00000| PB 0x00000000c4f00000| Untracked |  0
|  36|0x00000000c5000000, 0x00000000c5000000, 0x00000000c5100000|  0%| F|  |TAMS 0x00000000c5000000| PB 0x00000000c5000000| Untracked |  0
|  37|0x00000000c5100000, 0x00000000c5100000, 0x00000000c5200000|  0%| F|  |TAMS 0x00000000c5100000| PB 0x00000000c5100000| Untracked |  0
|  38|0x00000000c5200000, 0x00000000c5200000, 0x00000000c5300000|  0%| F|  |TAMS 0x00000000c5200000| PB 0x00000000c5200000| Untracked |  0
|  39|0x00000000c5300000, 0x00000000c5300000, 0x00000000c5400000|  0%| F|  |TAMS 0x00000000c5300000| PB 0x00000000c5300000| Untracked |  0
|  40|0x00000000c5400000, 0x00000000c5400000, 0x00000000c5500000|  0%| F|  |TAMS 0x00000000c5400000| PB 0x00000000c5400000| Untracked |  0
|  41|0x00000000c5500000, 0x00000000c5500000, 0x00000000c5600000|  0%| F|  |TAMS 0x00000000c5500000| PB 0x00000000c5500000| Untracked |  0
|  42|0x00000000c5600000, 0x00000000c5600000, 0x00000000c5700000|  0%| F|  |TAMS 0x00000000c5600000| PB 0x00000000c5600000| Untracked |  0
|  43|0x00000000c5700000, 0x00000000c5700000, 0x00000000c5800000|  0%| F|  |TAMS 0x00000000c5700000| PB 0x00000000c5700000| Untracked |  0
|  44|0x00000000c5800000, 0x00000000c5800000, 0x00000000c5900000|  0%| F|  |TAMS 0x00000000c5800000| PB 0x00000000c5800000| Untracked |  0
|  45|0x00000000c5900000, 0x00000000c5900000, 0x00000000c5a00000|  0%| F|  |TAMS 0x00000000c5900000| PB 0x00000000c5900000| Untracked |  0
|  46|0x00000000c5a00000, 0x00000000c5acdbf0, 0x00000000c5b00000| 80%| S|CS|TAMS 0x00000000c5a00000| PB 0x00000000c5a00000| Complete |  0
|  47|0x00000000c5b00000, 0x00000000c5c00000, 0x00000000c5c00000|100%| S|CS|TAMS 0x00000000c5b00000| PB 0x00000000c5b00000| Complete |  0
|  48|0x00000000c5c00000, 0x00000000c5c00000, 0x00000000c5d00000|  0%| F|  |TAMS 0x00000000c5c00000| PB 0x00000000c5c00000| Untracked |  0
|  49|0x00000000c5d00000, 0x00000000c5d00000, 0x00000000c5e00000|  0%| F|  |TAMS 0x00000000c5d00000| PB 0x00000000c5d00000| Untracked |  0
|  50|0x00000000c5e00000, 0x00000000c5e00000, 0x00000000c5f00000|  0%| F|  |TAMS 0x00000000c5e00000| PB 0x00000000c5e00000| Untracked |  0
|  51|0x00000000c5f00000, 0x00000000c5f00000, 0x00000000c6000000|  0%| F|  |TAMS 0x00000000c5f00000| PB 0x00000000c5f00000| Untracked |  0
|  52|0x00000000c6000000, 0x00000000c6000000, 0x00000000c6100000|  0%| F|  |TAMS 0x00000000c6000000| PB 0x00000000c6000000| Untracked |  0
|  53|0x00000000c6100000, 0x00000000c616d040, 0x00000000c6200000| 42%| E|  |TAMS 0x00000000c6100000| PB 0x00000000c6100000| Complete |  0
|  54|0x00000000c6200000, 0x00000000c6300000, 0x00000000c6300000|100%| E|CS|TAMS 0x00000000c6200000| PB 0x00000000c6200000| Complete |  0
|  55|0x00000000c6300000, 0x00000000c6400000, 0x00000000c6400000|100%| E|CS|TAMS 0x00000000c6300000| PB 0x00000000c6300000| Complete |  1
|  56|0x00000000c6400000, 0x00000000c6500000, 0x00000000c6500000|100%| E|CS|TAMS 0x00000000c6400000| PB 0x00000000c6400000| Complete |  0
|  57|0x00000000c6500000, 0x00000000c6600000, 0x00000000c6600000|100%| E|CS|TAMS 0x00000000c6500000| PB 0x00000000c6500000| Complete |  0
|  58|0x00000000c6600000, 0x00000000c6700000, 0x00000000c6700000|100%| E|CS|TAMS 0x00000000c6600000| PB 0x00000000c6600000| Complete |  0
|  59|0x00000000c6700000, 0x00000000c6800000, 0x00000000c6800000|100%| E|CS|TAMS 0x00000000c6700000| PB 0x00000000c6700000| Complete |  0
|  60|0x00000000c6800000, 0x00000000c6900000, 0x00000000c6900000|100%| E|CS|TAMS 0x00000000c6800000| PB 0x00000000c6800000| Complete |  0
|  61|0x00000000c6900000, 0x00000000c6a00000, 0x00000000c6a00000|100%| E|CS|TAMS 0x00000000c6900000| PB 0x00000000c6900000| Complete |  0

Card table byte_map: [0x000001f66eab0000,0x000001f66eca0000] _byte_map_base: 0x000001f66e49a000

Marking Bits: (CMBitMap*) 0x000001f656f78460
 Bits: [0x000001f66eca0000, 0x000001f66fbf0000)

Polling page: 0x000001f656700000

Metaspace:

Usage:
  Non-class:      4.23 MB used.
      Class:    611.71 KB used.
       Both:      4.82 MB used.

Virtual space:
  Non-class space:       64.00 MB reserved,       4.38 MB (  7%) committed,  1 nodes.
      Class space:        1.00 GB reserved,     704.00 KB ( <1%) committed,  1 nodes.
             Both:        1.06 GB reserved,       5.06 MB ( <1%) committed. 

Chunk freelists:
   Non-Class:  9.86 MB
       Class:  15.36 MB
        Both:  25.21 MB

MaxMetaspaceSize: unlimited
CompressedClassSpaceSize: 1.00 GB
Initial GC threshold: 21.00 MB
Current GC threshold: 21.00 MB
CDS: on
 - commit_granule_bytes: 65536.
 - commit_granule_words: 8192.
 - virtual_space_node_default_size: 8388608.
 - enlarge_chunks_in_place: 1.
 - use_allocation_guard: 0.


Internal statistics:

num_allocs_failed_limit: 0.
num_arena_births: 136.
num_arena_deaths: 0.
num_vsnodes_births: 2.
num_vsnodes_deaths: 0.
num_space_committed: 81.
num_space_uncommitted: 0.
num_chunks_returned_to_freelist: 0.
num_chunks_taken_from_freelist: 262.
num_chunk_merges: 0.
num_chunk_splits: 172.
num_chunks_enlarged: 114.
num_inconsistent_stats: 0.

CodeHeap 'non-profiled nmethods': size=120064Kb used=289Kb max_used=289Kb free=119774Kb
 bounds [0x000001f667380000, 0x000001f6675f0000, 0x000001f66e8c0000]
CodeHeap 'profiled nmethods': size=120000Kb used=1233Kb max_used=1233Kb free=118766Kb
 bounds [0x000001f65f8c0000, 0x000001f65fb30000, 0x000001f666df0000]
CodeHeap 'non-nmethods': size=5696Kb used=1437Kb max_used=1445Kb free=4258Kb
 bounds [0x000001f666df0000, 0x000001f667060000, 0x000001f667380000]
CodeCache: size=245760Kb, used=2959Kb, max_used=2967Kb, free=242798Kb
 total_blobs=1583, nmethods=1047, adapters=443, full_count=0
Compilation: enabled, stopped_count=0, restarted_count=0

Compilation events (20 events):
Event: 2.119 Thread 0x000001f64114c8e0 nmethod 1015 0x000001f65f9e4188 code [0x000001f65f9e4380, 0x000001f65f9e4df0]
Event: 2.142 Thread 0x000001f64114c8e0 1016   !   3       java.lang.invoke.MethodHandle::setVarargs (50 bytes)
Event: 2.144 Thread 0x000001f64114c8e0 nmethod 1016 0x000001f65f9e4e08 code [0x000001f65f9e5040, 0x000001f65f9e5c48]
Event: 2.144 Thread 0x000001f64114c8e0 1017       3       java.lang.invoke.MemberName::isVarargs (23 bytes)
Event: 2.144 Thread 0x000001f64114c8e0 nmethod 1017 0x000001f65f9e5d08 code [0x000001f65f9e5e40, 0x000001f65f9e6188]
Event: 2.144 Thread 0x000001f64114c8e0 1019       3       java.lang.invoke.MemberName::isMethod (8 bytes)
Event: 2.145 Thread 0x000001f64114c8e0 nmethod 1019 0x000001f65f9e6208 code [0x000001f65f9e6320, 0x000001f65f9e64e8]
Event: 2.145 Thread 0x000001f64114c8e0 1020       3       java.lang.invoke.MethodHandleStatics::dumper (4 bytes)
Event: 2.145 Thread 0x000001f64114c8e0 nmethod 1020 0x000001f65f9e6508 code [0x000001f65f9e6620, 0x000001f65f9e6718]
Event: 2.145 Thread 0x000001f64114c8e0 1021       3       java.lang.invoke.LambdaForm::normalizeNames (270 bytes)
Event: 2.147 Thread 0x000001f6411488e0 1024       4       java.util.HashSet::add (20 bytes)
Event: 2.147 Thread 0x000001f64114c8e0 nmethod 1021 0x000001f65f9e6808 code [0x000001f65f9e6a40, 0x000001f65f9e7ba0]
Event: 2.147 Thread 0x000001f64114c8e0 1022       3       jdk.internal.org.objectweb.asm.Frame::setLocal (65 bytes)
Event: 2.147 Thread 0x000001f64114c8e0 nmethod 1022 0x000001f65f9e7c08 code [0x000001f65f9e7d60, 0x000001f65f9e8250]
Event: 2.147 Thread 0x000001f64114c8e0 1023       3       java.util.Collections$UnmodifiableCollection$1::hasNext (10 bytes)
Event: 2.148 Thread 0x000001f64114c8e0 nmethod 1023 0x000001f65f9e8288 code [0x000001f65f9e83a0, 0x000001f65f9e8578]
Event: 2.150 Thread 0x000001f64114c8e0 1026       3       java.lang.Enum::equals (11 bytes)
Event: 2.150 Thread 0x000001f64114c8e0 nmethod 1026 0x000001f65f9e8588 code [0x000001f65f9e86a0, 0x000001f65f9e87f8]
Event: 2.157 Thread 0x000001f64114c8e0 1027       3       sun.invoke.util.VerifyAccess::ensureTypeVisible (47 bytes)
Event: 2.158 Thread 0x000001f64114c8e0 nmethod 1027 0x000001f65f9e8888 code [0x000001f65f9e89e0, 0x000001f65f9e8dc0]

GC Heap History (2 events):
Event: 1.419 GC heap before
{Heap before GC invocations=0 (full 0):
 garbage-first heap   total reserved 1003520K, committed 63488K, used 13312K [0x00000000c2c00000, 0x0000000100000000)
  region size 1024K, 14 young (14336K), 0 survivors (0K)
 Metaspace       used 2514K, committed 2752K, reserved 1114112K
  class space    used 277K, committed 384K, reserved 1048576K
}
Event: 1.430 GC heap after
{Heap after GC invocations=1 (full 0):
 garbage-first heap   total reserved 1003520K, committed 63488K, used 1846K [0x00000000c2c00000, 0x0000000100000000)
  region size 1024K, 2 young (2048K), 2 survivors (2048K)
 Metaspace       used 2514K, committed 2752K, reserved 1114112K
  class space    used 277K, committed 384K, reserved 1048576K
}

Dll operation events (20 events):
Event: 1.046 Loaded shared library C:\Users\juan_\.openjfx\cache\13\api-ms-win-crt-convert-l1-1-0.dll
Event: 1.057 Loaded shared library C:\Users\juan_\.openjfx\cache\13\api-ms-win-crt-environment-l1-1-0.dll
Event: 1.070 Loaded shared library C:\Users\juan_\.openjfx\cache\13\api-ms-win-crt-filesystem-l1-1-0.dll
Event: 1.079 Loaded shared library C:\Users\juan_\.openjfx\cache\13\api-ms-win-crt-heap-l1-1-0.dll
Event: 1.088 Loaded shared library C:\Users\juan_\.openjfx\cache\13\api-ms-win-crt-locale-l1-1-0.dll
Event: 1.098 Loaded shared library C:\Users\juan_\.openjfx\cache\13\api-ms-win-crt-math-l1-1-0.dll
Event: 1.110 Loaded shared library C:\Users\juan_\.openjfx\cache\13\api-ms-win-crt-multibyte-l1-1-0.dll
Event: 1.119 Loaded shared library C:\Users\juan_\.openjfx\cache\13\api-ms-win-crt-private-l1-1-0.dll
Event: 1.130 Loaded shared library C:\Users\juan_\.openjfx\cache\13\api-ms-win-crt-process-l1-1-0.dll
Event: 1.141 Loaded shared library C:\Users\juan_\.openjfx\cache\13\api-ms-win-crt-runtime-l1-1-0.dll
Event: 1.151 Loaded shared library C:\Users\juan_\.openjfx\cache\13\api-ms-win-crt-stdio-l1-1-0.dll
Event: 1.162 Loaded shared library C:\Users\juan_\.openjfx\cache\13\api-ms-win-crt-string-l1-1-0.dll
Event: 1.172 Loaded shared library C:\Users\juan_\.openjfx\cache\13\api-ms-win-crt-time-l1-1-0.dll
Event: 1.184 Loaded shared library C:\Users\juan_\.openjfx\cache\13\api-ms-win-crt-utility-l1-1-0.dll
Event: 1.227 Loaded shared library C:\Users\juan_\.openjfx\cache\13\ucrtbase.dll
Event: 1.239 Loaded shared library C:\Users\juan_\.openjfx\cache\13\vcruntime140.dll
Event: 1.262 Loaded shared library C:\Users\juan_\.openjfx\cache\13\msvcp140.dll
Event: 1.284 Loaded shared library C:\Users\juan_\.openjfx\cache\13\concrt140.dll
Event: 1.470 Loaded shared library C:\Users\juan_\.openjfx\cache\13\prism_d3d.dll
Event: 1.616 Loaded shared library C:\Users\juan_\.openjfx\cache\13\glass.dll

Deoptimization events (20 events):
Event: 0.299 Thread 0x000001f654d01d60 Uncommon trap: trap_request=0xffffff45 fr.pc=0x000001f667388a58 relative=0x00000000000000b8
Event: 0.299 Thread 0x000001f654d01d60 Uncommon trap: reason=unstable_if action=reinterpret pc=0x000001f667388a58 method=java.lang.String.isLatin1()Z @ 10 c2
Event: 0.299 Thread 0x000001f654d01d60 DEOPT PACKING pc=0x000001f667388a58 sp=0x00000001006ff460
Event: 0.299 Thread 0x000001f654d01d60 DEOPT UNPACKING pc=0x000001f666e443fc sp=0x00000001006ff3a0 mode 2
Event: 0.423 Thread 0x000001f654d01d60 Uncommon trap: trap_request=0xffffff45 fr.pc=0x000001f6673974bc relative=0x000000000000057c
Event: 0.423 Thread 0x000001f654d01d60 Uncommon trap: reason=unstable_if action=reinterpret pc=0x000001f6673974bc method=java.lang.StringLatin1.newString([BII)Ljava/lang/String; @ 1 c2
Event: 0.423 Thread 0x000001f654d01d60 DEOPT PACKING pc=0x000001f6673974bc sp=0x00000001006fe7e0
Event: 0.423 Thread 0x000001f654d01d60 DEOPT UNPACKING pc=0x000001f666e443fc sp=0x00000001006fe740 mode 2
Event: 0.601 Thread 0x000001f654d01d60 Uncommon trap: trap_request=0xffffff45 fr.pc=0x000001f66739e420 relative=0x0000000000000ea0
Event: 0.601 Thread 0x000001f654d01d60 Uncommon trap: reason=unstable_if action=reinterpret pc=0x000001f66739e420 method=java.util.HashMap.putVal(ILjava/lang/Object;Ljava/lang/Object;ZZ)Ljava/lang/Object; @ 193 c2
Event: 0.601 Thread 0x000001f654d01d60 DEOPT PACKING pc=0x000001f66739e420 sp=0x00000001006fea30
Event: 0.601 Thread 0x000001f654d01d60 DEOPT UNPACKING pc=0x000001f666e443fc sp=0x00000001006fe9f0 mode 2
Event: 1.213 Thread 0x000001f654d01d60 DEOPT PACKING pc=0x000001f65f97761f sp=0x00000001006fecc0
Event: 1.213 Thread 0x000001f654d01d60 DEOPT UNPACKING pc=0x000001f666e44b83 sp=0x00000001006fe0e0 mode 0
Event: 1.235 Thread 0x000001f654d01d60 DEOPT PACKING pc=0x000001f65f9740d3 sp=0x00000001006fec90
Event: 1.235 Thread 0x000001f654d01d60 DEOPT UNPACKING pc=0x000001f666e44b83 sp=0x00000001006fe128 mode 0
Event: 1.959 Thread 0x000001f641b63a20 Uncommon trap: trap_request=0xffffff45 fr.pc=0x000001f6673aebf8 relative=0x0000000000000078
Event: 1.959 Thread 0x000001f641b63a20 Uncommon trap: reason=unstable_if action=reinterpret pc=0x000001f6673aebf8 method=jdk.internal.misc.Unsafe.convEndian(ZI)I @ 4 c2
Event: 1.959 Thread 0x000001f641b63a20 DEOPT PACKING pc=0x000001f6673aebf8 sp=0x0000000101dfb2f0
Event: 1.959 Thread 0x000001f641b63a20 DEOPT UNPACKING pc=0x000001f666e443fc sp=0x0000000101dfb220 mode 2

Classes loaded (20 events):
Event: 2.056 Loading class java/lang/classfile/constantpool/StringEntry done
Event: 2.056 Loading class jdk/internal/classfile/impl/AbstractPoolEntry$StringEntryImpl done
Event: 2.062 Loading class jdk/internal/classfile/impl/StackCounter
Event: 2.063 Loading class jdk/internal/classfile/impl/StackCounter done
Event: 2.063 Loading class jdk/internal/classfile/impl/StackCounter$Target
Event: 2.063 Loading class jdk/internal/classfile/impl/StackCounter$Target done
Event: 2.063 Loading class jdk/internal/classfile/impl/StackMapDecoder
Event: 2.064 Loading class jdk/internal/classfile/impl/StackMapDecoder done
Event: 2.065 Loading class java/lang/classfile/attribute/StackMapFrameInfo$SimpleVerificationTypeInfo
Event: 2.065 Loading class java/lang/classfile/attribute/StackMapFrameInfo$SimpleVerificationTypeInfo done
Event: 2.065 Loading class java/lang/classfile/attribute/StackMapFrameInfo$UninitializedVerificationTypeInfo
Event: 2.065 Loading class java/lang/classfile/attribute/StackMapFrameInfo$UninitializedVerificationTypeInfo done
Event: 2.068 Loading class jdk/internal/classfile/impl/TemporaryConstantPool
Event: 2.069 Loading class jdk/internal/classfile/impl/TemporaryConstantPool done
Event: 2.079 Loading class java/lang/reflect/Proxy$ProxyBuilder$1
Event: 2.079 Loading class java/lang/reflect/Proxy$ProxyBuilder$1 done
Event: 2.085 Loading class java/lang/annotation/Target
Event: 2.086 Loading class java/lang/annotation/Target done
Event: 2.146 Loading class java/lang/StackTraceElement$HashedModules
Event: 2.146 Loading class java/lang/StackTraceElement$HashedModules done

Classes unloaded (0 events):
No events

Classes redefined (0 events):
No events

Internal exceptions (12 events):
Event: 0.147 Thread 0x000001f654d01d60 Exception <a 'java/lang/NoSuchMethodError'{0x00000000c68927e8}: 'void java.lang.invoke.DirectMethodHandle$Holder.invokeVirtual(java.lang.Object, java.lang.Object)'> (0x00000000c68927e8) 
thrown [s\src\hotspot\share\interpreter\linkResolver.cpp, line 796]
Event: 0.153 Thread 0x000001f654d01d60 Exception <a 'java/lang/NoSuchMethodError'{0x00000000c689df98}: 'java.lang.Object java.lang.invoke.DirectMethodHandle$Holder.invokeInterface(java.lang.Object, java.lang.Object, java.lang.Object)'> (0x00000000c689df98) 
thrown [s\src\hotspot\share\interpreter\linkResolver.cpp, line 796]
Event: 0.320 Thread 0x000001f654d01d60 Exception <a 'java/lang/NoSuchMethodError'{0x00000000c63eae40}: 'void java.lang.invoke.DirectMethodHandle$Holder.invokeStatic(java.lang.Object, java.lang.Object, java.lang.Object, java.lang.Object)'> (0x00000000c63eae40) 
thrown [s\src\hotspot\share\interpreter\linkResolver.cpp, line 796]
Event: 0.321 Thread 0x000001f654d01d60 Exception <a 'java/lang/NoSuchMethodError'{0x00000000c63eedf8}: 'void java.lang.invoke.DirectMethodHandle$Holder.invokeSpecial(java.lang.Object, java.lang.Object, java.lang.Object, java.lang.Object, java.lang.Object)'> (0x00000000c63eedf8) 
thrown [s\src\hotspot\share\interpreter\linkResolver.cpp, line 796]
Event: 0.337 Thread 0x000001f654d01d60 Exception <a 'java/lang/NoSuchMethodError'{0x00000000c62158f0}: 'void java.lang.invoke.DirectMethodHandle$Holder.invokeStatic(java.lang.Object, java.lang.Object)'> (0x00000000c62158f0) 
thrown [s\src\hotspot\share\interpreter\linkResolver.cpp, line 796]
Event: 1.377 Thread 0x000001f654d01d60 Exception <a 'java/lang/NoSuchMethodError'{0x00000000c5c79300}: 'void java.lang.invoke.DirectMethodHandle$Holder.invokeSpecial(java.lang.Object, java.lang.Object, java.lang.Object)'> (0x00000000c5c79300) 
thrown [s\src\hotspot\share\interpreter\linkResolver.cpp, line 796]
Event: 1.544 Thread 0x000001f654d01d60 Exception <a 'java/lang/NoSuchMethodError'{0x00000000c69d0810}: 'int java.lang.invoke.DirectMethodHandle$Holder.invokeStaticInit(java.lang.Object, java.lang.Object, java.lang.Object)'> (0x00000000c69d0810) 
thrown [s\src\hotspot\share\interpreter\linkResolver.cpp, line 796]
Event: 1.623 Thread 0x000001f654d01d60 Exception <a 'java/lang/NoSuchMethodError'{0x00000000c68c8b30}: 'java.lang.Object java.lang.invoke.DirectMethodHandle$Holder.newInvokeSpecial(java.lang.Object, java.lang.Object, int, java.lang.Object)'> (0x00000000c68c8b30) 
thrown [s\src\hotspot\share\interpreter\linkResolver.cpp, line 796]
Event: 1.625 Thread 0x000001f654d01d60 Exception <a 'java/lang/NoSuchMethodError'{0x00000000c68ccd80}: 'java.lang.Object java.lang.invoke.DirectMethodHandle$Holder.invokeSpecial(java.lang.Object, java.lang.Object, java.lang.Object, int, java.lang.Object)'> (0x00000000c68ccd80) 
thrown [s\src\hotspot\share\interpreter\linkResolver.cpp, line 796]
Event: 1.808 Thread 0x000001f641b63a20 Exception <a 'java/lang/NoSuchMethodError'{0x00000000c659a1c0}: 'void java.lang.invoke.DirectMethodHandle$Holder.invokeStaticInit(java.lang.Object)'> (0x00000000c659a1c0) 
thrown [s\src\hotspot\share\interpreter\linkResolver.cpp, line 796]
Event: 1.813 Thread 0x000001f654d01d60 Exception <a 'java/lang/NoSuchMethodError'{0x00000000c68dd320}: 'java.lang.Object java.lang.invoke.DirectMethodHandle$Holder.newInvokeSpecial(java.lang.Object, java.lang.Object, java.lang.Object, java.lang.Object, java.lang.Object, java.lang.Object)'> (0x00000000c68dd320) 
thrown [s\src\hotspot\share\interpreter\linkResolver.cpp, line 796]
Event: 2.018 Thread 0x000001f641b63a20 Exception <a 'java/lang/NoSuchMethodError'{0x00000000c643bae8}: 'void java.lang.invoke.DirectMethodHandle$Holder.invokeStatic(java.lang.Object, int, java.lang.Object)'> (0x00000000c643bae8) 
thrown [s\src\hotspot\share\interpreter\linkResolver.cpp, line 796]

VM Operations (10 events):
Event: 0.276 Executing VM operation: HandshakeAllThreads (Deoptimize)
Event: 0.276 Executing VM operation: HandshakeAllThreads (Deoptimize) done
Event: 0.276 Executing VM operation: HandshakeAllThreads (Deoptimize)
Event: 0.276 Executing VM operation: HandshakeAllThreads (Deoptimize) done
Event: 0.356 Executing VM operation: HandshakeAllThreads (Deoptimize)
Event: 0.356 Executing VM operation: HandshakeAllThreads (Deoptimize) done
Event: 1.418 Executing VM operation: G1CollectForAllocation (G1 Evacuation Pause)
Event: 1.430 Executing VM operation: G1CollectForAllocation (G1 Evacuation Pause) done
Event: 1.576 Executing VM operation: HandshakeAllThreads (Deoptimize)
Event: 1.576 Executing VM operation: HandshakeAllThreads (Deoptimize) done

Memory protections (0 events):
No events

Nmethod flushes (0 events):
No events

Events (16 events):
Event: 0.048 Thread 0x000001f654d01d60 Thread added: 0x000001f654d01d60
Event: 0.068 Thread 0x000001f654d01d60 Thread added: 0x000001f641133ff0
Event: 0.069 Thread 0x000001f654d01d60 Thread added: 0x000001f641138f90
Event: 0.070 Thread 0x000001f654d01d60 Thread added: 0x000001f641141a60
Event: 0.070 Thread 0x000001f654d01d60 Thread added: 0x000001f6411428f0
Event: 0.070 Thread 0x000001f654d01d60 Thread added: 0x000001f641143630
Event: 0.071 Thread 0x000001f654d01d60 Thread added: 0x000001f641147870
Event: 0.071 Thread 0x000001f654d01d60 Thread added: 0x000001f6411488e0
Event: 0.071 Thread 0x000001f654d01d60 Thread added: 0x000001f64114c8e0
Event: 0.112 Thread 0x000001f654d01d60 Thread added: 0x000001f641413200
Event: 0.298 Thread 0x000001f654d01d60 Thread added: 0x000001f6415696a0
Event: 1.408 Thread 0x000001f654d01d60 Thread added: 0x000001f641ab3ac0
Event: 1.620 Thread 0x000001f654d01d60 Thread added: 0x000001f641b45040
Event: 1.628 Thread 0x000001f654d01d60 Thread added: 0x000001f641b63a20
Event: 1.835 Thread 0x000001f641ccc080 Thread added: 0x000001f641ccc080
Event: 2.151 Thread 0x000001f654d01d60 Thread added: 0x000001f641d2a4e0


Dynamic libraries:
0x00007ff78da10000 - 0x00007ff78da1e000 	C:\Program Files\BellSoft\LibericaJDK-23\bin\java.exe
0x00007ffccff90000 - 0x00007ffcd01a7000 	C:\WINDOWS\SYSTEM32\ntdll.dll
0x00007ffc9f380000 - 0x00007ffc9f39a000 	C:\Program Files\AVG\Antivirus\aswhook.dll
0x00007ffcce6a0000 - 0x00007ffcce764000 	C:\WINDOWS\System32\KERNEL32.DLL
0x00007ffccd500000 - 0x00007ffccd8b7000 	C:\WINDOWS\System32\KERNELBASE.dll
0x00007ffccd3b0000 - 0x00007ffccd4c1000 	C:\WINDOWS\System32\ucrtbase.dll
0x00007ffca0830000 - 0x00007ffca0847000 	C:\Program Files\BellSoft\LibericaJDK-23\bin\jli.dll
0x00007ffca0790000 - 0x00007ffca07ab000 	C:\Program Files\BellSoft\LibericaJDK-23\bin\VCRUNTIME140.dll
0x00007ffcceb10000 - 0x00007ffccecbf000 	C:\WINDOWS\System32\USER32.dll
0x00007ffccd4d0000 - 0x00007ffccd4f6000 	C:\WINDOWS\System32\win32u.dll
0x00007ffccff20000 - 0x00007ffccff49000 	C:\WINDOWS\System32\GDI32.dll
0x00007ffcacec0000 - 0x00007ffcad153000 	C:\WINDOWS\WinSxS\amd64_microsoft.windows.common-controls_6595b64144ccf1df_6.0.22621.3672_none_2713b9d173822955\COMCTL32.dll
0x00007ffccd9b0000 - 0x00007ffccdac8000 	C:\WINDOWS\System32\gdi32full.dll
0x00007ffccd2a0000 - 0x00007ffccd33a000 	C:\WINDOWS\System32\msvcp_win.dll
0x00007ffcce950000 - 0x00007ffcce9f7000 	C:\WINDOWS\System32\msvcrt.dll
0x00007ffccead0000 - 0x00007ffcceb01000 	C:\WINDOWS\System32\IMM32.DLL
0x00007ffca9e40000 - 0x00007ffca9e4c000 	C:\Program Files\BellSoft\LibericaJDK-23\bin\vcruntime140_1.dll
0x00007ffc7e0c0000 - 0x00007ffc7e14e000 	C:\Program Files\BellSoft\LibericaJDK-23\bin\msvcp140.dll
0x00007ffc272d0000 - 0x00007ffc280ae000 	C:\Program Files\BellSoft\LibericaJDK-23\bin\server\jvm.dll
0x00007ffccf5f0000 - 0x00007ffccf6a2000 	C:\WINDOWS\System32\ADVAPI32.dll
0x00007ffcce0c0000 - 0x00007ffcce168000 	C:\WINDOWS\System32\sechost.dll
0x00007ffccd8c0000 - 0x00007ffccd8e8000 	C:\WINDOWS\System32\bcrypt.dll
0x00007ffccddc0000 - 0x00007ffccded4000 	C:\WINDOWS\System32\RPCRT4.dll
0x00007ffcce040000 - 0x00007ffcce0b1000 	C:\WINDOWS\System32\WS2_32.dll
0x00007ffcc7310000 - 0x00007ffcc7344000 	C:\WINDOWS\SYSTEM32\WINMM.dll
0x00007ffccd170000 - 0x00007ffccd1bd000 	C:\WINDOWS\SYSTEM32\POWRPROF.dll
0x00007ffcc6ff0000 - 0x00007ffcc6ffa000 	C:\WINDOWS\SYSTEM32\VERSION.dll
0x00007ffccd150000 - 0x00007ffccd163000 	C:\WINDOWS\SYSTEM32\UMPDC.dll
0x00007ffccc2f0000 - 0x00007ffccc308000 	C:\WINDOWS\SYSTEM32\kernel.appcore.dll
0x00007ffca8120000 - 0x00007ffca812a000 	C:\Program Files\BellSoft\LibericaJDK-23\bin\jimage.dll
0x00007ffccab30000 - 0x00007ffccad62000 	C:\WINDOWS\SYSTEM32\DBGHELP.DLL
0x00007ffcced20000 - 0x00007ffccf0ae000 	C:\WINDOWS\System32\combase.dll
0x00007ffcce770000 - 0x00007ffcce847000 	C:\WINDOWS\System32\OLEAUT32.dll
0x00007ffcbfa40000 - 0x00007ffcbfa72000 	C:\WINDOWS\SYSTEM32\dbgcore.DLL
0x00007ffccdad0000 - 0x00007ffccdb4b000 	C:\WINDOWS\System32\bcryptPrimitives.dll
0x00007ffca0100000 - 0x00007ffca011e000 	C:\Program Files\BellSoft\LibericaJDK-23\bin\java.dll
0x00007ffccf430000 - 0x00007ffccf5d5000 	C:\WINDOWS\System32\ole32.dll
0x00007ffccf6b0000 - 0x00007ffccff19000 	C:\WINDOWS\System32\SHELL32.dll
0x00007ffccb210000 - 0x00007ffccbb0f000 	C:\WINDOWS\SYSTEM32\windows.storage.dll
0x00007ffccb0d0000 - 0x00007ffccb20f000 	C:\WINDOWS\SYSTEM32\wintypes.dll
0x00007ffcce850000 - 0x00007ffcce949000 	C:\WINDOWS\System32\SHCORE.dll
0x00007ffccecc0000 - 0x00007ffcced1e000 	C:\WINDOWS\System32\shlwapi.dll
0x00007ffccd1d0000 - 0x00007ffccd1f7000 	C:\WINDOWS\SYSTEM32\profapi.dll
0x00007ffc763e0000 - 0x00007ffc764b7000 	C:\Program Files\BellSoft\LibericaJDK-23\bin\jsvml.dll
0x00007ffca78e0000 - 0x00007ffca78f0000 	C:\Program Files\BellSoft\LibericaJDK-23\bin\net.dll
0x00007ffccc760000 - 0x00007ffccc7c9000 	C:\WINDOWS\system32\mswsock.dll
0x00007ffc9e1d0000 - 0x00007ffc9e1e6000 	C:\Program Files\BellSoft\LibericaJDK-23\bin\nio.dll
0x00007ffc9e1b0000 - 0x00007ffc9e1c7000 	C:\Program Files\BellSoft\LibericaJDK-23\bin\zip.dll
0x000001f641f80000 - 0x000001f641f83000 	C:\Users\juan_\.openjfx\cache\13\api-ms-win-core-console-l1-1-0.dll
0x000001f641f90000 - 0x000001f641f93000 	C:\Users\juan_\.openjfx\cache\13\api-ms-win-core-datetime-l1-1-0.dll
0x000001f641fa0000 - 0x000001f641fa3000 	C:\Users\juan_\.openjfx\cache\13\api-ms-win-core-debug-l1-1-0.dll
0x000001f641fb0000 - 0x000001f641fb3000 	C:\Users\juan_\.openjfx\cache\13\api-ms-win-core-errorhandling-l1-1-0.dll
0x000001f641fc0000 - 0x000001f641fc4000 	C:\Users\juan_\.openjfx\cache\13\api-ms-win-core-file-l1-1-0.dll
0x000001f641fd0000 - 0x000001f641fd3000 	C:\Users\juan_\.openjfx\cache\13\api-ms-win-core-file-l1-2-0.dll
0x000001f641fe0000 - 0x000001f641fe3000 	C:\Users\juan_\.openjfx\cache\13\api-ms-win-core-file-l2-1-0.dll
0x000001f641ff0000 - 0x000001f641ff3000 	C:\Users\juan_\.openjfx\cache\13\api-ms-win-core-handle-l1-1-0.dll
0x000001f646000000 - 0x000001f646003000 	C:\Users\juan_\.openjfx\cache\13\api-ms-win-core-heap-l1-1-0.dll
0x000001f646010000 - 0x000001f646013000 	C:\Users\juan_\.openjfx\cache\13\api-ms-win-core-interlocked-l1-1-0.dll
0x000001f646020000 - 0x000001f646023000 	C:\Users\juan_\.openjfx\cache\13\api-ms-win-core-libraryloader-l1-1-0.dll
0x000001f646030000 - 0x000001f646033000 	C:\Users\juan_\.openjfx\cache\13\api-ms-win-core-localization-l1-2-0.dll
0x000001f646040000 - 0x000001f646043000 	C:\Users\juan_\.openjfx\cache\13\api-ms-win-core-memory-l1-1-0.dll
0x000001f646050000 - 0x000001f646053000 	C:\Users\juan_\.openjfx\cache\13\api-ms-win-core-namedpipe-l1-1-0.dll
0x000001f646060000 - 0x000001f646063000 	C:\Users\juan_\.openjfx\cache\13\api-ms-win-core-processenvironment-l1-1-0.dll
0x000001f646070000 - 0x000001f646073000 	C:\Users\juan_\.openjfx\cache\13\api-ms-win-core-processthreads-l1-1-0.dll
0x000001f646080000 - 0x000001f646083000 	C:\Users\juan_\.openjfx\cache\13\api-ms-win-core-processthreads-l1-1-1.dll
0x000001f646090000 - 0x000001f646093000 	C:\Users\juan_\.openjfx\cache\13\api-ms-win-core-profile-l1-1-0.dll
0x000001f6460a0000 - 0x000001f6460a3000 	C:\Users\juan_\.openjfx\cache\13\api-ms-win-core-rtlsupport-l1-1-0.dll
0x000001f6460b0000 - 0x000001f6460b3000 	C:\Users\juan_\.openjfx\cache\13\api-ms-win-core-string-l1-1-0.dll
0x000001f6460c0000 - 0x000001f6460c3000 	C:\Users\juan_\.openjfx\cache\13\api-ms-win-core-synch-l1-1-0.dll
0x000001f6460d0000 - 0x000001f6460d3000 	C:\Users\juan_\.openjfx\cache\13\api-ms-win-core-synch-l1-2-0.dll
0x000001f6460e0000 - 0x000001f6460e3000 	C:\Users\juan_\.openjfx\cache\13\api-ms-win-core-sysinfo-l1-1-0.dll
0x000001f6460f0000 - 0x000001f6460f3000 	C:\Users\juan_\.openjfx\cache\13\api-ms-win-core-timezone-l1-1-0.dll
0x000001f646100000 - 0x000001f646103000 	C:\Users\juan_\.openjfx\cache\13\api-ms-win-core-util-l1-1-0.dll
0x000001f646110000 - 0x000001f646113000 	C:\Users\juan_\.openjfx\cache\13\api-ms-win-crt-conio-l1-1-0.dll
0x000001f646120000 - 0x000001f646124000 	C:\Users\juan_\.openjfx\cache\13\api-ms-win-crt-convert-l1-1-0.dll
0x000001f646130000 - 0x000001f646133000 	C:\Users\juan_\.openjfx\cache\13\api-ms-win-crt-environment-l1-1-0.dll
0x000001f646140000 - 0x000001f646143000 	C:\Users\juan_\.openjfx\cache\13\api-ms-win-crt-filesystem-l1-1-0.dll
0x000001f646150000 - 0x000001f646153000 	C:\Users\juan_\.openjfx\cache\13\api-ms-win-crt-heap-l1-1-0.dll
0x000001f646160000 - 0x000001f646163000 	C:\Users\juan_\.openjfx\cache\13\api-ms-win-crt-locale-l1-1-0.dll
0x000001f646170000 - 0x000001f646175000 	C:\Users\juan_\.openjfx\cache\13\api-ms-win-crt-math-l1-1-0.dll
0x000001f646180000 - 0x000001f646185000 	C:\Users\juan_\.openjfx\cache\13\api-ms-win-crt-multibyte-l1-1-0.dll
0x000001f646190000 - 0x000001f6461a0000 	C:\Users\juan_\.openjfx\cache\13\api-ms-win-crt-private-l1-1-0.dll
0x000001f6461a0000 - 0x000001f6461a3000 	C:\Users\juan_\.openjfx\cache\13\api-ms-win-crt-process-l1-1-0.dll
0x000001f6461b0000 - 0x000001f6461b4000 	C:\Users\juan_\.openjfx\cache\13\api-ms-win-crt-runtime-l1-1-0.dll
0x000001f6461c0000 - 0x000001f6461c4000 	C:\Users\juan_\.openjfx\cache\13\api-ms-win-crt-stdio-l1-1-0.dll
0x000001f6461d0000 - 0x000001f6461d4000 	C:\Users\juan_\.openjfx\cache\13\api-ms-win-crt-string-l1-1-0.dll
0x000001f6461e0000 - 0x000001f6461e3000 	C:\Users\juan_\.openjfx\cache\13\api-ms-win-crt-time-l1-1-0.dll
0x000001f6461f0000 - 0x000001f6461f3000 	C:\Users\juan_\.openjfx\cache\13\api-ms-win-crt-utility-l1-1-0.dll
0x00007ffc75a00000 - 0x00007ffc75afc000 	C:\Users\juan_\.openjfx\cache\13\ucrtbase.dll
0x00007ffc977b0000 - 0x00007ffc977c5000 	C:\Users\juan_\.openjfx\cache\13\vcruntime140.dll
0x00007ffc7a7f0000 - 0x00007ffc7a88b000 	C:\Users\juan_\.openjfx\cache\13\msvcp140.dll
0x00007ffc7e690000 - 0x00007ffc7e6e1000 	C:\Users\juan_\.openjfx\cache\13\concrt140.dll
0x00007ffc92d90000 - 0x00007ffc92db3000 	C:\Users\juan_\.openjfx\cache\13\prism_d3d.dll
0x00007ffc7aa10000 - 0x00007ffc7abb8000 	C:\WINDOWS\system32\d3d9.dll
0x00007ffcca5c0000 - 0x00007ffcca5eb000 	C:\WINDOWS\SYSTEM32\dwmapi.dll
0x00007ffcca470000 - 0x00007ffcca4a7000 	C:\WINDOWS\SYSTEM32\dxcore.dll
0x00007ffcca380000 - 0x00007ffcca431000 	C:\WINDOWS\system32\uxtheme.dll
0x00007ffc75850000 - 0x00007ffc759ff000 	C:\WINDOWS\System32\DriverStore\FileRepository\iigd_dch.inf_amd64_4baea396c1a08a8e\igdumdim64.dll
0x00007ffbfb610000 - 0x00007ffbffeb3000 	C:\WINDOWS\System32\DriverStore\FileRepository\iigd_dch.inf_amd64_4baea396c1a08a8e\igd9dxva64.dll
0x00007ffcce180000 - 0x00007ffcce5f4000 	C:\WINDOWS\System32\SETUPAPI.dll
0x00007ffcccea0000 - 0x00007ffccceee000 	C:\WINDOWS\SYSTEM32\cfgmgr32.dll
0x00007ffcc32b0000 - 0x00007ffcc36b9000 	C:\WINDOWS\System32\DriverStore\FileRepository\iigd_dch.inf_amd64_4baea396c1a08a8e\igdgmm64.dll
0x00007ffcc6a20000 - 0x00007ffcc6a69000 	C:\WINDOWS\SYSTEM32\directxdatabasehelper.dll
0x00007ffc911b0000 - 0x00007ffc911f5000 	C:\Users\juan_\.openjfx\cache\13\glass.dll
0x00007ffccdf40000 - 0x00007ffcce03f000 	C:\WINDOWS\System32\COMDLG32.dll
0x00007ffccf110000 - 0x00007ffccf270000 	C:\WINDOWS\System32\MSCTF.dll
0x00007ffca8140000 - 0x00007ffca8167000 	C:\WINDOWS\System32\DriverStore\FileRepository\iigd_dch.inf_amd64_4baea396c1a08a8e\igdinfo64.dll
0x00007ffcbfb10000 - 0x00007ffcc32a4000 	C:\WINDOWS\System32\DriverStore\FileRepository\iigd_dch.inf_amd64_4baea396c1a08a8e\igc64.dll

dbghelp: loaded successfully - version: 4.0.5 - missing functions: none
symbol engine: initialized successfully - sym options: 0x614 - pdb path: .;C:\Program Files\BellSoft\LibericaJDK-23\bin;C:\WINDOWS\SYSTEM32;C:\Program Files\AVG\Antivirus;C:\WINDOWS\WinSxS\amd64_microsoft.windows.common-controls_6595b64144ccf1df_6.0.22621.3672_none_2713b9d173822955;C:\Program Files\BellSoft\LibericaJDK-23\bin\server;C:\Users\juan_\.openjfx\cache\13;C:\WINDOWS\System32\DriverStore\FileRepository\iigd_dch.inf_amd64_4baea396c1a08a8e

VM Arguments:
jvm_args: -XX:+ShowCodeDetailsInExceptionMessages --module-path=C:\Users\juan_\OneDrive\Desktop\PROGRAMACIÓN 1\sistemagestionvehiculos\target\classes;C:\Users\juan_\.m2\repository\org\openjfx\javafx-controls\13\javafx-controls-13-win.jar;C:\Users\juan_\.m2\repository\org\openjfx\javafx-graphics\13\javafx-graphics-13-win.jar;C:\Users\juan_\.m2\repository\org\openjfx\javafx-base\13\javafx-base-13-win.jar;C:\Users\juan_\.m2\repository\org\openjfx\javafx-fxml\13\javafx-fxml-13-win.jar -Djdk.module.main=co.edu.uniquindio.poo 
java_command: co.edu.uniquindio.poo/co.edu.uniquindio.poo.App
java_class_path (initial): C:\Users\juan_\.m2\repository\org\openjfx\javafx-controls\13\javafx-controls-13.jar;C:\Users\juan_\.m2\repository\org\openjfx\javafx-graphics\13\javafx-graphics-13.jar;C:\Users\juan_\.m2\repository\org\openjfx\javafx-base\13\javafx-base-13.jar;C:\Users\juan_\.m2\repository\org\openjfx\javafx-fxml\13\javafx-fxml-13.jar
Launcher Type: SUN_STANDARD

[Global flags]
     intx CICompilerCount                          = 3                                         {product} {ergonomic}
     uint ConcGCThreads                            = 1                                         {product} {ergonomic}
     uint G1ConcRefinementThreads                  = 4                                         {product} {ergonomic}
   size_t G1HeapRegionSize                         = 1048576                                   {product} {ergonomic}
   size_t InitialHeapSize                          = 65011712                                  {product} {ergonomic}
   size_t MarkStackSize                            = 4194304                                   {product} {ergonomic}
   size_t MarkStackSizeMax                         = 536870912                                 {product} {ergonomic}
   size_t MaxHeapSize                              = 1027604480                                {product} {ergonomic}
   size_t MaxNewSize                               = 616562688                                 {product} {ergonomic}
   size_t MinHeapDeltaBytes                        = 1048576                                   {product} {ergonomic}
   size_t MinHeapSize                              = 8388608                                   {product} {ergonomic}
    uintx NonNMethodCodeHeapSize                   = 5832704                                {pd product} {ergonomic}
    uintx NonProfiledCodeHeapSize                  = 122945536                              {pd product} {ergonomic}
    uintx ProfiledCodeHeapSize                     = 122880000                              {pd product} {ergonomic}
    uintx ReservedCodeCacheSize                    = 251658240                              {pd product} {ergonomic}
     bool SegmentedCodeCache                       = true                                      {product} {ergonomic}
     bool ShowCodeDetailsInExceptionMessages       = true                                   {manageable} {command line}
   size_t SoftMaxHeapSize                          = 1027604480                             {manageable} {ergonomic}
     bool UseCompressedOops                        = true                           {product lp64_product} {ergonomic}
     bool UseG1GC                                  = true                                      {product} {ergonomic}
     bool UseLargePagesIndividualAllocation        = false                                  {pd product} {ergonomic}

Logging:
Log output configuration:
 #0: stdout all=warning uptime,level,tags foldmultilines=false
 #1: stderr all=off uptime,level,tags foldmultilines=false

Environment Variables:
JAVA_HOME=C:\Program Files\BellSoft\LibericaJDK-23\
PATH=C:\Program Files\BellSoft\LibericaJDK-23\bin\;C:\Program Files\Eclipse Adoptium\jdk-21.0.4.7-hotspot\bin;C:\Program Files (x86)\Common Files\Oracle\Java\javapath;C:\WINDOWS\system32;C:\WINDOWS;C:\WINDOWS\System32\Wbem;C:\WINDOWS\System32\WindowsPowerShell\v1.0\;C:\WINDOWS\System32\OpenSSH\;C:\Program Files\HP\HP One Agent;C:\Program Files\Git\cmd;C:\Program Files\apache-maven-3.9.8\bin;C:\Users\juan_\AppData\Local\Programs\Microsoft VS Code\bin;C:\Program Files (x86)\apache-maven-3.9.8\bin;
USERNAME=juan_
LANG=en_US.UTF-8
OS=Windows_NT
PROCESSOR_IDENTIFIER=Intel64 Family 6 Model 142 Stepping 12, GenuineIntel
TMP=C:\Users\juan_\AppData\Local\Temp
TEMP=C:\Users\juan_\AppData\Local\Temp




Periodic native trim disabled

---------------  S Y S T E M  ---------------

OS:
 Windows 11 , 64 bit Build 22621 (10.0.22621.3958)
OS uptime: 6 days 1:11 hours

CPU: total 4 (initial active 4) (2 cores per cpu, 2 threads per core) family 6 model 142 stepping 12 microcode 0xec, cx8, cmov, fxsr, ht, mmx, 3dnowpref, sse, sse2, sse3, ssse3, sse4.1, sse4.2, popcnt, lzcnt, tsc, tscinvbit, aes, erms, clmul, clflush, clflushopt, rdtscp
Processor Information for the first 4 processors :
  Max Mhz: 2400, Current Mhz: 2400, Mhz Limit: 2400

Memory: 4k page, system-wide physical 3919M (227M free)
TotalPageFile size 12111M (AvailPageFile size 313M)
current process WorkingSet (physical memory assigned to process): 89M, peak: 89M
current process commit charge ("private bytes"): 168M, peak: 168M

vm_info: OpenJDK 64-Bit Server VM (23+38) for windows-amd64 JRE (23+38), built on 2024-09-09T15:49:38Z with MS VC++ 17.1 (VS2022)

END.
